2017-09-08 20:29:34 [scrapy.utils.log] INFO: Scrapy 1.4.0 started (bot: craiglist)
2017-09-08 20:29:34 [scrapy.utils.log] INFO: Overridden settings: {'SPIDER_MODULES': ['craiglist.spiders'], 'BOT_NAME': 'craiglist', 'ROBOTSTXT_OBEY': True, 'NEWSPIDER_MODULE': 'craiglist.spiders', 'LOG_FILE': 'logs/craiglist/craigs1/6bfde4fa94d411e79a4e606c66b81da7.log'}
2017-09-08 20:29:34 [scrapy.middleware] INFO: Enabled extensions:
['scrapy.extensions.memusage.MemoryUsage',
 'scrapy.extensions.telnet.TelnetConsole',
 'scrapy.extensions.corestats.CoreStats',
 'scrapy.extensions.logstats.LogStats']
2017-09-08 20:29:35 [scrapy.middleware] INFO: Enabled downloader middlewares:
['scrapy.downloadermiddlewares.robotstxt.RobotsTxtMiddleware',
 'scrapy.downloadermiddlewares.httpauth.HttpAuthMiddleware',
 'scrapy.downloadermiddlewares.downloadtimeout.DownloadTimeoutMiddleware',
 'scrapy.downloadermiddlewares.defaultheaders.DefaultHeadersMiddleware',
 'scrapy.downloadermiddlewares.useragent.UserAgentMiddleware',
 'scrapy.downloadermiddlewares.retry.RetryMiddleware',
 'scrapy.downloadermiddlewares.redirect.MetaRefreshMiddleware',
 'scrapy.downloadermiddlewares.httpcompression.HttpCompressionMiddleware',
 'scrapy.downloadermiddlewares.redirect.RedirectMiddleware',
 'scrapy.downloadermiddlewares.cookies.CookiesMiddleware',
 'scrapy.downloadermiddlewares.httpproxy.HttpProxyMiddleware',
 'scrapy.downloadermiddlewares.stats.DownloaderStats']
2017-09-08 20:29:35 [scrapy.middleware] INFO: Enabled spider middlewares:
['scrapy.spidermiddlewares.httperror.HttpErrorMiddleware',
 'scrapy.spidermiddlewares.offsite.OffsiteMiddleware',
 'scrapy.spidermiddlewares.referer.RefererMiddleware',
 'scrapy.spidermiddlewares.urllength.UrlLengthMiddleware',
 'scrapy.spidermiddlewares.depth.DepthMiddleware']
2017-09-08 20:29:35 [scrapy.middleware] INFO: Enabled item pipelines:
[]
2017-09-08 20:29:35 [scrapy.core.engine] INFO: Spider opened
2017-09-08 20:29:35 [scrapy.extensions.logstats] INFO: Crawled 0 pages (at 0 pages/min), scraped 0 items (at 0 items/min)
2017-09-08 20:29:35 [scrapy.extensions.telnet] DEBUG: Telnet console listening on 127.0.0.1:6024
2017-09-08 20:29:35 [scrapy.core.engine] DEBUG: Crawled (200) <GET https://newyork.craigslist.org/robots.txt> (referer: None)
2017-09-08 20:29:35 [scrapy.downloadermiddlewares.redirect] DEBUG: Redirecting (302) to <GET https://newyork.craigslist.org/search/hhh?query=1> from <GET https://newyork.craigslist.org/search/office?query=1>
2017-09-08 20:29:37 [scrapy.core.engine] DEBUG: Crawled (200) <GET https://newyork.craigslist.org/search/hhh?query=1> (referer: None)
2017-09-08 20:29:37 [scrapy.core.scraper] DEBUG: Scraped from <200 https://newyork.craigslist.org/search/hhh?query=1>
{'link': 'newyork'}
2017-09-08 20:29:37 [scrapy.core.engine] INFO: Closing spider (finished)
2017-09-08 20:29:37 [scrapy.statscollectors] INFO: Dumping Scrapy stats:
{'downloader/request_bytes': 793,
 'downloader/request_count': 3,
 'downloader/request_method_count/GET': 3,
 'downloader/response_bytes': 29994,
 'downloader/response_count': 3,
 'downloader/response_status_count/200': 2,
 'downloader/response_status_count/302': 1,
 'finish_reason': 'finished',
 'finish_time': datetime.datetime(2017, 9, 8, 20, 29, 37, 210266),
 'item_scraped_count': 1,
 'log_count/DEBUG': 5,
 'log_count/INFO': 7,
 'memusage/max': 72028160,
 'memusage/startup': 72028160,
 'response_received_count': 2,
 'scheduler/dequeued': 2,
 'scheduler/dequeued/memory': 2,
 'scheduler/enqueued': 2,
 'scheduler/enqueued/memory': 2,
 'start_time': datetime.datetime(2017, 9, 8, 20, 29, 35, 22607)}
2017-09-08 20:29:37 [scrapy.core.engine] INFO: Spider closed (finished)
